<?xml version="1.0" encoding="UTF-8"?>
<!-- Generated by org.testng.reporters.JUnitReportReporter -->
<testsuite hostname="Saumitras-MacBook-Air.local" failures="0" tests="1" name="testRunner.testRunnerTestNG$TestNGTestRunner" time="5.133" errors="1" timestamp="2024-03-24T22:56:53 EDT" skipped="0">
  <testcase classname="testRunner.testRunnerTestNG$TestNGTestRunner" name="runScenario" time="5.133">
    <error message="class stepDefinition.Login (in unnamed module @0x673ba40c) cannot access class jdk.internal.org.jline.utils.Log (in module jdk.internal.le) because module jdk.internal.le does not export jdk.internal.org.jline.utils to unnamed module @0x673ba40c" type="java.lang.IllegalAccessError">
      <![CDATA[java.lang.IllegalAccessError: class stepDefinition.Login (in unnamed module @0x673ba40c) cannot access class jdk.internal.org.jline.utils.Log (in module jdk.internal.le) because module jdk.internal.le does not export jdk.internal.org.jline.utils to unnamed module @0x673ba40c
at stepDefinition.Login.the_user_should_be_redirected_to_home_page_with_the_message_and_with_the_user_name_on_the_top(Login.java:62)
at ✽.The user should be redirected to Home Page with the message "You are logged in" and with the user name on the top(file:///Users/saumdas/git/dsalgo/dsalgo/src/test/resources/features/Login.feature:11)
]]>
    </error>
  </testcase> <!-- runScenario -->
</testsuite> <!-- testRunner.testRunnerTestNG$TestNGTestRunner -->
