<?xml version="1.0" encoding="UTF-8"?>
<testng-results ignored="0" total="8" passed="8" failed="0" skipped="0">
  <reporter-output>
  </reporter-output>
  <suite started-at="2024-03-28T11:11:46 EDT" name="Default suite" finished-at="2024-03-28T11:11:47 EDT" duration-ms="734">
    <groups>
      <group name="cucumber">
        <method signature="AbstractTestNGCucumberTests.runScenario(io.cucumber.testng.PickleWrapper,io.cucumber.testng.FeatureWrapper)[pri:0, instance:com.dsportalapp.dsalgo.testRunner.testRunnerTestNG$TestNGTestRunner@6ea2bc93]" name="runScenario" class="io.cucumber.testng.AbstractTestNGCucumberTests"/>
      </group> <!-- cucumber -->
    </groups>
    <test started-at="2024-03-28T11:11:46 EDT" name="Default test" finished-at="2024-03-28T11:11:47 EDT" duration-ms="734">
      <class name="com.dsportalapp.dsalgo.testRunner.testRunnerTestNG$TestNGTestRunner">
        <test-method is-config="true" signature="setUpClass(org.testng.ITestContext)[pri:0, instance:com.dsportalapp.dsalgo.testRunner.testRunnerTestNG$TestNGTestRunner@6ea2bc93]" started-at="2024-03-28T11:11:46 EDT" name="setUpClass" finished-at="2024-03-28T11:11:46 EDT" duration-ms="295" status="PASS">
          <params>
            <param index="0">
              <value>
                <![CDATA[org.testng.TestRunner@3a71c100]]>
              </value>
            </param>
          </params>
          <reporter-output>
          </reporter-output>
        </test-method> <!-- setUpClass -->
        <test-method signature="runScenario(io.cucumber.testng.PickleWrapper,io.cucumber.testng.FeatureWrapper)[pri:0, instance:com.dsportalapp.dsalgo.testRunner.testRunnerTestNG$TestNGTestRunner@6ea2bc93]" started-at="2024-03-28T11:11:46 EDT" name="runScenario" description="Runs Cucumber Scenarios" data-provider="scenarios" finished-at="2024-03-28T11:11:47 EDT" duration-ms="193" status="PASS">
          <params>
            <param index="0">
              <value>
                <![CDATA["User cannot register with  null values for username and password"]]>
              </value>
            </param>
            <param index="1">
              <value>
                <![CDATA["New User Registartion Functionality"]]>
              </value>
            </param>
          </params>
          <reporter-output>
          </reporter-output>
        </test-method> <!-- runScenario -->
        <test-method signature="runScenario(io.cucumber.testng.PickleWrapper,io.cucumber.testng.FeatureWrapper)[pri:0, instance:com.dsportalapp.dsalgo.testRunner.testRunnerTestNG$TestNGTestRunner@6ea2bc93]" started-at="2024-03-28T11:11:47 EDT" name="runScenario" description="Runs Cucumber Scenarios" data-provider="scenarios" finished-at="2024-03-28T11:11:47 EDT" duration-ms="21" status="PASS">
          <params>
            <param index="0">
              <value>
                <![CDATA["User cannot register with invalid Username"]]>
              </value>
            </param>
            <param index="1">
              <value>
                <![CDATA["New User Registartion Functionality"]]>
              </value>
            </param>
          </params>
          <reporter-output>
          </reporter-output>
        </test-method> <!-- runScenario -->
        <test-method signature="runScenario(io.cucumber.testng.PickleWrapper,io.cucumber.testng.FeatureWrapper)[pri:0, instance:com.dsportalapp.dsalgo.testRunner.testRunnerTestNG$TestNGTestRunner@6ea2bc93]" started-at="2024-03-28T11:11:47 EDT" name="runScenario" description="Runs Cucumber Scenarios" data-provider="scenarios" finished-at="2024-03-28T11:11:47 EDT" duration-ms="22" status="PASS">
          <params>
            <param index="0">
              <value>
                <![CDATA["User cannot register with invalid password"]]>
              </value>
            </param>
            <param index="1">
              <value>
                <![CDATA["New User Registartion Functionality"]]>
              </value>
            </param>
          </params>
          <reporter-output>
          </reporter-output>
        </test-method> <!-- runScenario -->
        <test-method signature="runScenario(io.cucumber.testng.PickleWrapper,io.cucumber.testng.FeatureWrapper)[pri:0, instance:com.dsportalapp.dsalgo.testRunner.testRunnerTestNG$TestNGTestRunner@6ea2bc93]" started-at="2024-03-28T11:11:47 EDT" name="runScenario" description="Runs Cucumber Scenarios" data-provider="scenarios" finished-at="2024-03-28T11:11:47 EDT" duration-ms="14" status="PASS">
          <params>
            <param index="0">
              <value>
                <![CDATA["User cannot register with invalid password"]]>
              </value>
            </param>
            <param index="1">
              <value>
                <![CDATA["New User Registartion Functionality"]]>
              </value>
            </param>
          </params>
          <reporter-output>
          </reporter-output>
        </test-method> <!-- runScenario -->
        <test-method signature="runScenario(io.cucumber.testng.PickleWrapper,io.cucumber.testng.FeatureWrapper)[pri:0, instance:com.dsportalapp.dsalgo.testRunner.testRunnerTestNG$TestNGTestRunner@6ea2bc93]" started-at="2024-03-28T11:11:47 EDT" name="runScenario" description="Runs Cucumber Scenarios" data-provider="scenarios" finished-at="2024-03-28T11:11:47 EDT" duration-ms="20" status="PASS">
          <params>
            <param index="0">
              <value>
                <![CDATA["User cannot register with invalid password"]]>
              </value>
            </param>
            <param index="1">
              <value>
                <![CDATA["New User Registartion Functionality"]]>
              </value>
            </param>
          </params>
          <reporter-output>
          </reporter-output>
        </test-method> <!-- runScenario -->
        <test-method signature="runScenario(io.cucumber.testng.PickleWrapper,io.cucumber.testng.FeatureWrapper)[pri:0, instance:com.dsportalapp.dsalgo.testRunner.testRunnerTestNG$TestNGTestRunner@6ea2bc93]" started-at="2024-03-28T11:11:47 EDT" name="runScenario" description="Runs Cucumber Scenarios" data-provider="scenarios" finished-at="2024-03-28T11:11:47 EDT" duration-ms="19" status="PASS">
          <params>
            <param index="0">
              <value>
                <![CDATA["User cannot register with different  values for password and confirm password"]]>
              </value>
            </param>
            <param index="1">
              <value>
                <![CDATA["New User Registartion Functionality"]]>
              </value>
            </param>
          </params>
          <reporter-output>
          </reporter-output>
        </test-method> <!-- runScenario -->
        <test-method signature="runScenario(io.cucumber.testng.PickleWrapper,io.cucumber.testng.FeatureWrapper)[pri:0, instance:com.dsportalapp.dsalgo.testRunner.testRunnerTestNG$TestNGTestRunner@6ea2bc93]" started-at="2024-03-28T11:11:47 EDT" name="runScenario" description="Runs Cucumber Scenarios" data-provider="scenarios" finished-at="2024-03-28T11:11:47 EDT" duration-ms="12" status="PASS">
          <params>
            <param index="0">
              <value>
                <![CDATA["User cannot  register with existing  user details"]]>
              </value>
            </param>
            <param index="1">
              <value>
                <![CDATA["New User Registartion Functionality"]]>
              </value>
            </param>
          </params>
          <reporter-output>
          </reporter-output>
        </test-method> <!-- runScenario -->
        <test-method signature="runScenario(io.cucumber.testng.PickleWrapper,io.cucumber.testng.FeatureWrapper)[pri:0, instance:com.dsportalapp.dsalgo.testRunner.testRunnerTestNG$TestNGTestRunner@6ea2bc93]" started-at="2024-03-28T11:11:47 EDT" name="runScenario" description="Runs Cucumber Scenarios" data-provider="scenarios" finished-at="2024-03-28T11:11:47 EDT" duration-ms="18" status="PASS">
          <params>
            <param index="0">
              <value>
                <![CDATA["User can  traverse to Login page from Registration page"]]>
              </value>
            </param>
            <param index="1">
              <value>
                <![CDATA["New User Registartion Functionality"]]>
              </value>
            </param>
          </params>
          <reporter-output>
          </reporter-output>
        </test-method> <!-- runScenario -->
        <test-method is-config="true" signature="tearDownClass()[pri:0, instance:com.dsportalapp.dsalgo.testRunner.testRunnerTestNG$TestNGTestRunner@6ea2bc93]" started-at="2024-03-28T11:11:47 EDT" name="tearDownClass" finished-at="2024-03-28T11:11:47 EDT" duration-ms="4" status="PASS">
          <reporter-output>
          </reporter-output>
        </test-method> <!-- tearDownClass -->
      </class> <!-- com.dsportalapp.dsalgo.testRunner.testRunnerTestNG$TestNGTestRunner -->
    </test> <!-- Default test -->
  </suite> <!-- Default suite -->
</testng-results>
