<?xml version="1.0" encoding="UTF-8"?>
<testng-results ignored="0" total="1" passed="1" failed="0" skipped="0">
  <reporter-output>
  </reporter-output>
  <suite started-at="2024-03-26T18:06:04 EDT" name="Default suite" finished-at="2024-03-26T18:06:13 EDT" duration-ms="8236">
    <groups>
      <group name="cucumber">
        <method signature="AbstractTestNGCucumberTests.runScenario(io.cucumber.testng.PickleWrapper,io.cucumber.testng.FeatureWrapper)[pri:0, instance:com.dsportalapp.dsalgo.testRunner.testRunnerTestNG$TestNGTestRunner@6ea2bc93]" name="runScenario" class="io.cucumber.testng.AbstractTestNGCucumberTests"/>
      </group> <!-- cucumber -->
    </groups>
    <test started-at="2024-03-26T18:06:04 EDT" name="Default test" finished-at="2024-03-26T18:06:13 EDT" duration-ms="8236">
      <class name="com.dsportalapp.dsalgo.testRunner.testRunnerTestNG$TestNGTestRunner">
        <test-method is-config="true" signature="setUpClass(org.testng.ITestContext)[pri:0, instance:com.dsportalapp.dsalgo.testRunner.testRunnerTestNG$TestNGTestRunner@6ea2bc93]" started-at="2024-03-26T18:06:04 EDT" name="setUpClass" finished-at="2024-03-26T18:06:05 EDT" duration-ms="242" status="PASS">
          <params>
            <param index="0">
              <value>
                <![CDATA[org.testng.TestRunner@d88f893]]>
              </value>
            </param>
          </params>
          <reporter-output>
          </reporter-output>
        </test-method> <!-- setUpClass -->
        <test-method signature="runScenario(io.cucumber.testng.PickleWrapper,io.cucumber.testng.FeatureWrapper)[pri:0, instance:com.dsportalapp.dsalgo.testRunner.testRunnerTestNG$TestNGTestRunner@6ea2bc93]" started-at="2024-03-26T18:06:05 EDT" name="runScenario" description="Runs Cucumber Scenarios" data-provider="scenarios" finished-at="2024-03-26T18:06:13 EDT" duration-ms="7917" status="PASS">
          <params>
            <param index="0">
              <value>
                <![CDATA["Navigation to login page from Home Page"]]>
              </value>
            </param>
            <param index="1">
              <value>
                <![CDATA["Home Page Access for Unauthenticated Users"]]>
              </value>
            </param>
          </params>
          <reporter-output>
          </reporter-output>
        </test-method> <!-- runScenario -->
        <test-method is-config="true" signature="tearDownClass()[pri:0, instance:com.dsportalapp.dsalgo.testRunner.testRunnerTestNG$TestNGTestRunner@6ea2bc93]" started-at="2024-03-26T18:06:13 EDT" name="tearDownClass" finished-at="2024-03-26T18:06:13 EDT" duration-ms="8" status="PASS">
          <reporter-output>
          </reporter-output>
        </test-method> <!-- tearDownClass -->
      </class> <!-- com.dsportalapp.dsalgo.testRunner.testRunnerTestNG$TestNGTestRunner -->
    </test> <!-- Default test -->
  </suite> <!-- Default suite -->
</testng-results>
