<?xml version="1.0" encoding="UTF-8"?>
<!-- Generated by org.testng.reporters.JUnitXMLReporter -->
<testsuite ignored="0" hostname="Saumitras-MacBook-Air.local" failures="1" tests="1" name="Default test" time="1.818" errors="0" timestamp="2024-04-02T07:39:37 EDT">
  <testcase classname="io.cucumber.testng.AbstractTestNGCucumberTests" name="runScenario" time="1.704">
    <failure type="java.lang.NullPointerException" message="Cannot invoke &amp;quot;org.openqa.selenium.WebDriver.get(String)&amp;quot; because &amp;quot;this.driver&amp;quot; is null">
      <![CDATA[java.lang.NullPointerException: Cannot invoke "org.openqa.selenium.WebDriver.get(String)" because "this.driver" is null
at com.dsportalapp.dsalgo.POM.LoginPageObjects.isOnSignInPage(LoginPageObjects.java:45)
at com.dsportalapp.dsalgo.stepDefinition.LoginPageStepDefinition.the_user_is_on_ds_algo_sign_in_page(LoginPageStepDefinition.java:60)
at ✽.The user is on DS Algo Sign in Page(file:///Users/saumdas/git/dsalgo/dsalgo/src/test/resources/features/LoginPage.feature:14)
]]>
    </failure>
  </testcase> <!-- runScenario -->
</testsuite> <!-- Default test -->
